C:\USERS\STUDENT\DESKTOP\LAB5\DEBUG\LAB5.EXE
C:\USERS\STUDENT\DESKTOP\LAB5\DEBUG\LAB5.PDB
C:\Users\student\Desktop\lab5\lab5\Debug\cl.command.1.tlog
C:\Users\student\Desktop\lab5\lab5\Debug\CL.read.1.tlog
C:\Users\student\Desktop\lab5\lab5\Debug\CL.write.1.tlog
C:\Users\student\Desktop\lab5\lab5\Debug\lab5.exe.embed.manifest
C:\USERS\STUDENT\DESKTOP\LAB5\LAB5\DEBUG\LAB5.EXE.EMBED.MANIFEST.RES
C:\USERS\STUDENT\DESKTOP\LAB5\LAB5\DEBUG\LAB5.EXE.INTERMEDIATE.MANIFEST
C:\USERS\STUDENT\DESKTOP\LAB5\LAB5\DEBUG\LAB5.OBJ
C:\Users\student\Desktop\lab5\lab5\Debug\lab5.vcxprojResolveAssemblyReference.cache
C:\Users\student\Desktop\lab5\lab5\Debug\lab5.write.1.tlog
C:\Users\student\Desktop\lab5\lab5\Debug\lab5_manifest.rc
C:\Users\student\Desktop\lab5\lab5\Debug\link.command.1.tlog
C:\Users\student\Desktop\lab5\lab5\Debug\link.read.1.tlog
C:\Users\student\Desktop\lab5\lab5\Debug\link.write.1.tlog
C:\Users\student\Desktop\lab5\lab5\Debug\mt.command.1.tlog
C:\Users\student\Desktop\lab5\lab5\Debug\mt.read.1.tlog
C:\Users\student\Desktop\lab5\lab5\Debug\mt.write.1.tlog
C:\Users\student\Desktop\lab5\lab5\Debug\rc.command.1.tlog
C:\Users\student\Desktop\lab5\lab5\Debug\rc.read.1.tlog
C:\Users\student\Desktop\lab5\lab5\Debug\rc.write.1.tlog
C:\USERS\STUDENT\DESKTOP\LAB5\LAB5\DEBUG\STDAFX.OBJ
C:\Users\student\Desktop\lab5\lab5\Debug\vc100.idb
C:\USERS\STUDENT\DESKTOP\LAB5\LAB5\DEBUG\VC100.PDB
